0 info it worked if it ends with ok
1 verbose cli [ 'C:\\Program Files\\nodejs\\node.exe',
1 verbose cli   'C:\\Program Files\\nodejs\\node_modules\\npm\\bin\\npm-cli.js',
1 verbose cli   'run',
1 verbose cli   'dev-all-win' ]
2 info using npm@3.10.10
3 info using node@v6.10.3
4 verbose run-script [ 'predev-all-win', 'dev-all-win', 'postdev-all-win' ]
5 info lifecycle pro-mern-stack@0.0.1~predev-all-win: pro-mern-stack@0.0.1
6 silly lifecycle pro-mern-stack@0.0.1~predev-all-win: no script for predev-all-win, continuing
7 info lifecycle pro-mern-stack@0.0.1~dev-all-win: pro-mern-stack@0.0.1
8 verbose lifecycle pro-mern-stack@0.0.1~dev-all-win: unsafe-perm in lifecycle true
9 verbose lifecycle pro-mern-stack@0.0.1~dev-all-win: PATH: C:\Program Files\nodejs\node_modules\npm\bin\node-gyp-bin;C:\Users\mikea\Desktop\dev\pro-mern-stack\node_modules\.bin;C:\Program Files (x86)\Intel\iCLS Client\;C:\Program Files\Intel\iCLS Client\;C:\Windows\system32;C:\Windows;C:\Windows\System32\Wbem;C:\Windows\System32\WindowsPowerShell\v1.0\;C:\Program Files (x86)\Intel\Intel(R) Management Engine Components\DAL;C:\Program Files\Intel\Intel(R) Management Engine Components\DAL;C:\Program Files (x86)\Intel\Intel(R) Management Engine Components\IPT;C:\Program Files\Intel\Intel(R) Management Engine Components\IPT;C:\Program Files (x86)\NVIDIA Corporation\PhysX\Common;C:\Program Files\Intel\WiFi\bin\;C:\Program Files\Common Files\Intel\WirelessCommon\;C:\Program Files\nodejs\;C:\Program Files\Git\cmd;C:\Program Files\Microsoft SQL Server\Client SDK\ODBC\130\Tools\Binn\;C:\Program Files (x86)\Microsoft SQL Server\130\Tools\Binn\;C:\Program Files\Microsoft SQL Server\130\Tools\Binn\;C:\Program Files\Microsoft SQL Server\130\DTS\Binn\;C:\Program Files (x86)\Microsoft SQL Server\Client SDK\ODBC\130\Tools\Binn\;C:\Program Files (x86)\Microsoft SQL Server\140\Tools\Binn\;C:\Program Files (x86)\Microsoft SQL Server\140\DTS\Binn\;C:\Program Files (x86)\Microsoft SQL Server\140\Tools\Binn\ManagementStudio\;C:\Program Files (x86)\Microsoft SQL Server\110\DTS\Binn\;C:\Program Files (x86)\Microsoft SQL Server\120\DTS\Binn\;C:\Program Files (x86)\Microsoft SQL Server\130\DTS\Binn\;C:\Program Files\MongoDB\Server\3.4\bin\;C:\Users\mikea\AppData\Local\Microsoft\WindowsApps;C:\Users\mikea\AppData\Roaming\npm;C:\Program Files (x86)\Microsoft VS Code\bin
10 verbose lifecycle pro-mern-stack@0.0.1~dev-all-win: CWD: C:\Users\mikea\Desktop\dev\pro-mern-stack
11 silly lifecycle pro-mern-stack@0.0.1~dev-all-win: Args: [ '/d /s /c', 'npm-run-all -p -r watch watch-server start' ]
12 silly lifecycle pro-mern-stack@0.0.1~dev-all-win: Returned: code: 1  signal: null
13 info lifecycle pro-mern-stack@0.0.1~dev-all-win: Failed to exec dev-all-win script
14 verbose stack Error: pro-mern-stack@0.0.1 dev-all-win: `npm-run-all -p -r watch watch-server start`
14 verbose stack Exit status 1
14 verbose stack     at EventEmitter.<anonymous> (C:\Program Files\nodejs\node_modules\npm\lib\utils\lifecycle.js:255:16)
14 verbose stack     at emitTwo (events.js:106:13)
14 verbose stack     at EventEmitter.emit (events.js:191:7)
14 verbose stack     at ChildProcess.<anonymous> (C:\Program Files\nodejs\node_modules\npm\lib\utils\spawn.js:40:14)
14 verbose stack     at emitTwo (events.js:106:13)
14 verbose stack     at ChildProcess.emit (events.js:191:7)
14 verbose stack     at maybeClose (internal/child_process.js:886:16)
14 verbose stack     at Process.ChildProcess._handle.onexit (internal/child_process.js:226:5)
15 verbose pkgid pro-mern-stack@0.0.1
16 verbose cwd C:\Users\mikea\Desktop\dev\pro-mern-stack
17 error Windows_NT 10.0.14393
18 error argv "C:\\Program Files\\nodejs\\node.exe" "C:\\Program Files\\nodejs\\node_modules\\npm\\bin\\npm-cli.js" "run" "dev-all-win"
19 error node v6.10.3
20 error npm  v3.10.10
21 error code ELIFECYCLE
22 error pro-mern-stack@0.0.1 dev-all-win: `npm-run-all -p -r watch watch-server start`
22 error Exit status 1
23 error Failed at the pro-mern-stack@0.0.1 dev-all-win script 'npm-run-all -p -r watch watch-server start'.
23 error Make sure you have the latest version of node.js and npm installed.
23 error If you do, this is most likely a problem with the pro-mern-stack package,
23 error not with npm itself.
23 error Tell the author that this fails on your system:
23 error     npm-run-all -p -r watch watch-server start
23 error You can get information on how to open an issue for this project with:
23 error     npm bugs pro-mern-stack
23 error Or if that isn't available, you can get their info via:
23 error     npm owner ls pro-mern-stack
23 error There is likely additional logging output above.
24 verbose exit [ 1, true ]
